<?xml version="1.0" encoding="UTF-8"?>
<testsuite xmlns:xsi="http://www.w3.org/2001/XMLSchema-instance" xsi:noNamespaceSchemaLocation="https://maven.apache.org/surefire/maven-surefire-plugin/xsd/surefire-test-report.xsd" name="com.java.o2o.dao.ProductDaoTest" time="0.185" tests="5" errors="0" skipped="0" failures="3">
  <properties>
[...]
</properties>
  <testcase name="testQueryProductByProductId" classname="com.java.o2o.dao.ProductDaoTest" time="0.025">
    <failure message="expected:&lt;2&gt; but was:&lt;1&gt;" type="java.lang.AssertionError"><![CDATA[java.lang.AssertionError: expected:<2> but was:<1>
	at com.java.o2o.dao.ProductDaoTest.testQueryProductByProductId(ProductDaoTest.java:96)
]]></failure>
    <system-out><![CDATA[[2019-05-23] 13:25:34.225 assets- [main]-[BaseJdbcLogger.java:139]-[DEBUG] ==>  Preparing: SELECT p.product_id, p.product_name, p.product_desc, p.img_addr, p.normal_price, p.promotion_price, p.priority, p.create_time, p.last_edit_time, p.enable_status, p.product_category_id, p.shop_id, pm.img_addr AS detail_img, pm.img_desc, pm.priority, pm.create_time FROM tb_product p LEFT JOIN tb_product_img pm ON p.product_id=pm.product_id WHERE p.product_id=? ORDER BY pm.priority DESC 
[2019-05-23] 13:25:34.227 assets- [main]-[BaseJdbcLogger.java:139]-[DEBUG] ==> Parameters: 1(Long)
[2019-05-23] 13:25:34.300 assets- [main]-[BaseJdbcLogger.java:139]-[DEBUG] <==      Total: 1
]]></system-out>
    <system-err><![CDATA[五月 23, 2019 1:25:34 下午 org.springframework.test.context.support.DefaultTestContextBootstrapper getDefaultTestExecutionListenerClassNames
信息: Loaded default TestExecutionListener class names from location [META-INF/spring.factories]: [org.springframework.test.context.web.ServletTestExecutionListener, org.springframework.test.context.support.DependencyInjectionTestExecutionListener, org.springframework.test.context.support.DirtiesContextTestExecutionListener, org.springframework.test.context.transaction.TransactionalTestExecutionListener, org.springframework.test.context.jdbc.SqlScriptsTestExecutionListener]
五月 23, 2019 1:25:34 下午 org.springframework.test.context.support.DefaultTestContextBootstrapper getTestExecutionListeners
信息: Using TestExecutionListeners: [org.springframework.test.context.web.ServletTestExecutionListener@6d304f9d, org.springframework.test.context.support.DependencyInjectionTestExecutionListener@f73dcd6, org.springframework.test.context.support.DirtiesContextTestExecutionListener@5c87bfe2, org.springframework.test.context.transaction.TransactionalTestExecutionListener@2fea7088, org.springframework.test.context.jdbc.SqlScriptsTestExecutionListener@40499e4f]
]]></system-err>
  </testcase>
  <testcase name="testUpdateProduct" classname="com.java.o2o.dao.ProductDaoTest" time="0.055"/>
  <testcase name="testUpdateProductCategoryToNull" classname="com.java.o2o.dao.ProductDaoTest" time="0.004">
    <failure message="expected:&lt;4&gt; but was:&lt;0&gt;" type="java.lang.AssertionError"><![CDATA[java.lang.AssertionError: expected:<4> but was:<0>
	at com.java.o2o.dao.ProductDaoTest.testUpdateProductCategoryToNull(ProductDaoTest.java:149)
]]></failure>
    <system-out><![CDATA[[2019-05-23] 13:25:34.359 assets- [main]-[BaseJdbcLogger.java:139]-[DEBUG] ==>  Preparing: UPDATE tb_product SET product_category_id=NULL WHERE product_category_id=? 
[2019-05-23] 13:25:34.360 assets- [main]-[BaseJdbcLogger.java:139]-[DEBUG] ==> Parameters: 4(Long)
[2019-05-23] 13:25:34.362 assets- [main]-[BaseJdbcLogger.java:139]-[DEBUG] <==    Updates: 0
]]></system-out>
  </testcase>
  <testcase name="testInsertProduct" classname="com.java.o2o.dao.ProductDaoTest" time="0.063"/>
  <testcase name="testQueryProductList" classname="com.java.o2o.dao.ProductDaoTest" time="0.022">
    <failure message="expected:&lt;9&gt; but was:&lt;12&gt;" type="java.lang.AssertionError"><![CDATA[java.lang.AssertionError: expected:<9> but was:<12>
	at com.java.o2o.dao.ProductDaoTest.testQueryProductList(ProductDaoTest.java:136)
]]></failure>
    <system-out><![CDATA[[2019-05-23] 13:25:34.433 assets- [main]-[BaseJdbcLogger.java:139]-[DEBUG] ==>  Preparing: SELECT product_id, product_name, product_desc, img_addr, normal_price, priority, create_time, last_edit_time, enable_status, product_category_id, shop_id FROM tb_product WHERE enable_status=? ORDER BY priority DESC LIMIT ?,? 
[2019-05-23] 13:25:34.434 assets- [main]-[BaseJdbcLogger.java:139]-[DEBUG] ==> Parameters: 1(Integer), 1(Integer), 2(Integer)
[2019-05-23] 13:25:34.443 assets- [main]-[BaseJdbcLogger.java:139]-[DEBUG] <==      Total: 2
[2019-05-23] 13:25:34.445 assets- [main]-[BaseJdbcLogger.java:139]-[DEBUG] ==>  Preparing: SELECT COUNT(1) FROM tb_product WHERE enable_status=? 
[2019-05-23] 13:25:34.446 assets- [main]-[BaseJdbcLogger.java:139]-[DEBUG] ==> Parameters: 1(Integer)
[2019-05-23] 13:25:34.448 assets- [main]-[BaseJdbcLogger.java:139]-[DEBUG] <==      Total: 1
]]></system-out>
  </testcase>
</testsuite>